Analysis & Synthesis report for CommTB
Tue Apr 05 10:49:56 2016
Quartus II 64-Bit Version 14.1.0 Build 186 12/03/2014 SJ Web Edition


---------------------
; Table of Contents ;
---------------------
  1. Legal Notice
  2. Analysis & Synthesis Summary
  3. Analysis & Synthesis Settings
  4. Parallel Compilation
  5. Analysis & Synthesis Source Files Read
  6. Analysis & Synthesis Resource Usage Summary
  7. Analysis & Synthesis Resource Utilization by Entity
  8. State Machine - |CommTB|UART_wrapper:iUART|state
  9. State Machine - |CommTB|UART_wrapper:iUART|UART:iDUT_UART|UART_tx:iDUT_tx|state
 10. State Machine - |CommTB|CommMaster:iCM|state
 11. State Machine - |CommTB|CommMaster:iCM|UART_tx:iDUT_tx|state
 12. Registers Removed During Synthesis
 13. Removed Registers Triggering Further Register Optimizations
 14. General Register Statistics
 15. Inverted Register Statistics
 16. Multiplexer Restructuring Statistics (Restructuring Performed)
 17. Port Connectivity Checks: "UART_wrapper:iUART|UART:iDUT_UART"
 18. Port Connectivity Checks: "UART_wrapper:iUART"
 19. Port Connectivity Checks: "CommMaster:iCM"
 20. Post-Synthesis Netlist Statistics for Top Partition
 21. Elapsed Time Per Partition
 22. Analysis & Synthesis Messages
 23. Analysis & Synthesis Suppressed Messages



----------------
; Legal Notice ;
----------------
Copyright (C) 1991-2014 Altera Corporation. All rights reserved.
Your use of Altera Corporation's design tools, logic functions 
and other software and tools, and its AMPP partner logic 
functions, and any output files from any of the foregoing 
(including device programming or simulation files), and any 
associated documentation or information are expressly subject 
to the terms and conditions of the Altera Program License 
Subscription Agreement, the Altera Quartus II License Agreement,
the Altera MegaCore Function License Agreement, or other 
applicable license agreement, including, without limitation, 
that your use is for the sole purpose of programming logic 
devices manufactured by Altera and sold by Altera or its 
authorized distributors.  Please refer to the applicable 
agreement for further details.



+---------------------------------------------------------------------------------+
; Analysis & Synthesis Summary                                                    ;
+------------------------------------+--------------------------------------------+
; Analysis & Synthesis Status        ; Successful - Tue Apr 05 10:49:56 2016      ;
; Quartus II 64-Bit Version          ; 14.1.0 Build 186 12/03/2014 SJ Web Edition ;
; Revision Name                      ; CommTB                                     ;
; Top-level Entity Name              ; CommTB                                     ;
; Family                             ; Cyclone IV E                               ;
; Total logic elements               ; 104                                        ;
;     Total combinational functions  ; 81                                         ;
;     Dedicated logic registers      ; 79                                         ;
; Total registers                    ; 79                                         ;
; Total pins                         ; 11                                         ;
; Total virtual pins                 ; 0                                          ;
; Total memory bits                  ; 0                                          ;
; Embedded Multiplier 9-bit elements ; 0                                          ;
; Total PLLs                         ; 0                                          ;
+------------------------------------+--------------------------------------------+


+----------------------------------------------------------------------------------------------------------------------+
; Analysis & Synthesis Settings                                                                                        ;
+----------------------------------------------------------------------------+--------------------+--------------------+
; Option                                                                     ; Setting            ; Default Value      ;
+----------------------------------------------------------------------------+--------------------+--------------------+
; Device                                                                     ; EP4CE22F17C6       ;                    ;
; Top-level entity name                                                      ; CommTB             ; CommTB             ;
; Family name                                                                ; Cyclone IV E       ; Cyclone IV GX      ;
; Use smart compilation                                                      ; Off                ; Off                ;
; Enable parallel Assembler and TimeQuest Timing Analyzer during compilation ; On                 ; On                 ;
; Enable compact report table                                                ; Off                ; Off                ;
; Restructure Multiplexers                                                   ; Auto               ; Auto               ;
; Create Debugging Nodes for IP Cores                                        ; Off                ; Off                ;
; Preserve fewer node names                                                  ; On                 ; On                 ;
; Disable OpenCore Plus hardware evaluation                                  ; Off                ; Off                ;
; Verilog Version                                                            ; Verilog_2001       ; Verilog_2001       ;
; VHDL Version                                                               ; VHDL_1993          ; VHDL_1993          ;
; State Machine Processing                                                   ; Auto               ; Auto               ;
; Safe State Machine                                                         ; Off                ; Off                ;
; Extract Verilog State Machines                                             ; On                 ; On                 ;
; Extract VHDL State Machines                                                ; On                 ; On                 ;
; Ignore Verilog initial constructs                                          ; Off                ; Off                ;
; Iteration limit for constant Verilog loops                                 ; 5000               ; 5000               ;
; Iteration limit for non-constant Verilog loops                             ; 250                ; 250                ;
; Add Pass-Through Logic to Inferred RAMs                                    ; On                 ; On                 ;
; Infer RAMs from Raw Logic                                                  ; On                 ; On                 ;
; Parallel Synthesis                                                         ; On                 ; On                 ;
; DSP Block Balancing                                                        ; Auto               ; Auto               ;
; NOT Gate Push-Back                                                         ; On                 ; On                 ;
; Power-Up Don't Care                                                        ; On                 ; On                 ;
; Remove Redundant Logic Cells                                               ; Off                ; Off                ;
; Remove Duplicate Registers                                                 ; On                 ; On                 ;
; Ignore CARRY Buffers                                                       ; Off                ; Off                ;
; Ignore CASCADE Buffers                                                     ; Off                ; Off                ;
; Ignore GLOBAL Buffers                                                      ; Off                ; Off                ;
; Ignore ROW GLOBAL Buffers                                                  ; Off                ; Off                ;
; Ignore LCELL Buffers                                                       ; Off                ; Off                ;
; Ignore SOFT Buffers                                                        ; On                 ; On                 ;
; Limit AHDL Integers to 32 Bits                                             ; Off                ; Off                ;
; Optimization Technique                                                     ; Balanced           ; Balanced           ;
; Carry Chain Length                                                         ; 70                 ; 70                 ;
; Auto Carry Chains                                                          ; On                 ; On                 ;
; Auto Open-Drain Pins                                                       ; On                 ; On                 ;
; Perform WYSIWYG Primitive Resynthesis                                      ; Off                ; Off                ;
; Auto ROM Replacement                                                       ; On                 ; On                 ;
; Auto RAM Replacement                                                       ; On                 ; On                 ;
; Auto DSP Block Replacement                                                 ; On                 ; On                 ;
; Auto Shift Register Replacement                                            ; Auto               ; Auto               ;
; Allow Shift Register Merging across Hierarchies                            ; Auto               ; Auto               ;
; Auto Clock Enable Replacement                                              ; On                 ; On                 ;
; Strict RAM Replacement                                                     ; Off                ; Off                ;
; Allow Synchronous Control Signals                                          ; On                 ; On                 ;
; Force Use of Synchronous Clear Signals                                     ; Off                ; Off                ;
; Auto RAM Block Balancing                                                   ; On                 ; On                 ;
; Auto RAM to Logic Cell Conversion                                          ; Off                ; Off                ;
; Auto Resource Sharing                                                      ; Off                ; Off                ;
; Allow Any RAM Size For Recognition                                         ; Off                ; Off                ;
; Allow Any ROM Size For Recognition                                         ; Off                ; Off                ;
; Allow Any Shift Register Size For Recognition                              ; Off                ; Off                ;
; Use LogicLock Constraints during Resource Balancing                        ; On                 ; On                 ;
; Ignore translate_off and synthesis_off directives                          ; Off                ; Off                ;
; Timing-Driven Synthesis                                                    ; On                 ; On                 ;
; Report Parameter Settings                                                  ; On                 ; On                 ;
; Report Source Assignments                                                  ; On                 ; On                 ;
; Report Connectivity Checks                                                 ; On                 ; On                 ;
; Ignore Maximum Fan-Out Assignments                                         ; Off                ; Off                ;
; Synchronization Register Chain Length                                      ; 2                  ; 2                  ;
; PowerPlay Power Optimization During Synthesis                              ; Normal compilation ; Normal compilation ;
; HDL message level                                                          ; Level2             ; Level2             ;
; Suppress Register Optimization Related Messages                            ; Off                ; Off                ;
; Number of Removed Registers Reported in Synthesis Report                   ; 5000               ; 5000               ;
; Number of Swept Nodes Reported in Synthesis Report                         ; 5000               ; 5000               ;
; Number of Inverted Registers Reported in Synthesis Report                  ; 100                ; 100                ;
; Clock MUX Protection                                                       ; On                 ; On                 ;
; Auto Gated Clock Conversion                                                ; Off                ; Off                ;
; Block Design Naming                                                        ; Auto               ; Auto               ;
; SDC constraint protection                                                  ; Off                ; Off                ;
; Synthesis Effort                                                           ; Auto               ; Auto               ;
; Shift Register Replacement - Allow Asynchronous Clear Signal               ; On                 ; On                 ;
; Pre-Mapping Resynthesis Optimization                                       ; Off                ; Off                ;
; Analysis & Synthesis Message Level                                         ; Medium             ; Medium             ;
; Disable Register Merging Across Hierarchies                                ; Auto               ; Auto               ;
; Resource Aware Inference For Block RAM                                     ; On                 ; On                 ;
; Synthesis Seed                                                             ; 1                  ; 1                  ;
+----------------------------------------------------------------------------+--------------------+--------------------+


+------------------------------------------+
; Parallel Compilation                     ;
+----------------------------+-------------+
; Processors                 ; Number      ;
+----------------------------+-------------+
; Number detected on machine ; 4           ;
; Maximum allowed            ; 4           ;
;                            ;             ;
; Average used               ; 1.00        ;
; Maximum used               ; 1           ;
;                            ;             ;
; Usage by Processor         ; % Time Used ;
;     Processor 1            ; 100.0%      ;
;     Processors 2-4         ;   0.0%      ;
+----------------------------+-------------+


+------------------------------------------------------------------------------------------------------------------------------+
; Analysis & Synthesis Source Files Read                                                                                       ;
+----------------------------------+-----------------+------------------------------+--------------------------------+---------+
; File Name with User-Entered Path ; Used in Netlist ; File Type                    ; File Name with Absolute Path   ; Library ;
+----------------------------------+-----------------+------------------------------+--------------------------------+---------+
; UART_wrapper.sv                  ; yes             ; User SystemVerilog HDL File  ; I:/551/EXE12/UART_wrapper.sv   ;         ;
; UART_tx.sv                       ; yes             ; User SystemVerilog HDL File  ; I:/551/EXE12/UART_tx.sv        ;         ;
; UART_rx.sv                       ; yes             ; User SystemVerilog HDL File  ; I:/551/EXE12/UART_rx.sv        ;         ;
; UART.sv                          ; yes             ; User SystemVerilog HDL File  ; I:/551/EXE12/UART.sv           ;         ;
; rst_synch.sv                     ; yes             ; User SystemVerilog HDL File  ; I:/551/EXE12/rst_synch.sv      ;         ;
; pos_detect.sv                    ; yes             ; User SystemVerilog HDL File  ; I:/551/EXE12/pos_detect.sv     ;         ;
; CommTB.sv                        ; yes             ; User SystemVerilog HDL File  ; I:/551/EXE12/CommTB.sv         ;         ;
; CommMaster.sv                    ; yes             ; User SystemVerilog HDL File  ; I:/551/EXE12/CommMaster.sv     ;         ;
; bit_counter_16.sv                ; yes             ; User SystemVerilog HDL File  ; I:/551/EXE12/bit_counter_16.sv ;         ;
+----------------------------------+-----------------+------------------------------+--------------------------------+---------+


+---------------------------------------------------------+
; Analysis & Synthesis Resource Usage Summary             ;
+---------------------------------------------+-----------+
; Resource                                    ; Usage     ;
+---------------------------------------------+-----------+
; Estimated Total logic elements              ; 104       ;
;                                             ;           ;
; Total combinational functions               ; 81        ;
; Logic element usage by number of LUT inputs ;           ;
;     -- 4 input functions                    ; 29        ;
;     -- 3 input functions                    ; 17        ;
;     -- <=2 input functions                  ; 35        ;
;                                             ;           ;
; Logic elements by mode                      ;           ;
;     -- normal mode                          ; 55        ;
;     -- arithmetic mode                      ; 26        ;
;                                             ;           ;
; Total registers                             ; 79        ;
;     -- Dedicated logic registers            ; 79        ;
;     -- I/O registers                        ; 0         ;
;                                             ;           ;
; I/O pins                                    ; 11        ;
;                                             ;           ;
; Embedded Multiplier 9-bit elements          ; 0         ;
;                                             ;           ;
; Maximum fan-out node                        ; clk~input ;
; Maximum fan-out                             ; 79        ;
; Total fan-out                               ; 536       ;
; Average fan-out                             ; 2.95      ;
+---------------------------------------------+-----------+


+-------------------------------------------------------------------------------------------------------------------------------------------------------------------------------------------------------------------+
; Analysis & Synthesis Resource Utilization by Entity                                                                                                                                                               ;
+----------------------------+-------------------+--------------+-------------+--------------+---------+-----------+------+--------------+-----------------------------------------------------------+--------------+
; Compilation Hierarchy Node ; LC Combinationals ; LC Registers ; Memory Bits ; DSP Elements ; DSP 9x9 ; DSP 18x18 ; Pins ; Virtual Pins ; Full Hierarchy Name                                       ; Library Name ;
+----------------------------+-------------------+--------------+-------------+--------------+---------+-----------+------+--------------+-----------------------------------------------------------+--------------+
; |CommTB                    ; 81 (1)            ; 79 (0)       ; 0           ; 0            ; 0       ; 0         ; 11   ; 0            ; |CommTB                                                   ; work         ;
;    |CommMaster:iCM|        ; 43 (3)            ; 35 (10)      ; 0           ; 0            ; 0       ; 0         ; 0    ; 0            ; |CommTB|CommMaster:iCM                                    ; work         ;
;       |UART_tx:iDUT_tx|    ; 40 (40)           ; 25 (25)      ; 0           ; 0            ; 0       ; 0         ; 0    ; 0            ; |CommTB|CommMaster:iCM|UART_tx:iDUT_tx                    ; work         ;
;    |PE_detect:iPE|         ; 1 (1)             ; 3 (3)        ; 0           ; 0            ; 0       ; 0         ; 0    ; 0            ; |CommTB|PE_detect:iPE                                     ; work         ;
;    |UART_wrapper:iUART|    ; 20 (0)            ; 23 (0)       ; 0           ; 0            ; 0       ; 0         ; 0    ; 0            ; |CommTB|UART_wrapper:iUART                                ; work         ;
;       |UART:iDUT_UART|     ; 20 (0)            ; 23 (0)       ; 0           ; 0            ; 0       ; 0         ; 0    ; 0            ; |CommTB|UART_wrapper:iUART|UART:iDUT_UART                 ; work         ;
;          |UART_rx:iDUT_rx| ; 20 (20)           ; 23 (23)      ; 0           ; 0            ; 0       ; 0         ; 0    ; 0            ; |CommTB|UART_wrapper:iUART|UART:iDUT_UART|UART_rx:iDUT_rx ; work         ;
;    |bit_counter_16:iCount| ; 16 (16)           ; 16 (16)      ; 0           ; 0            ; 0       ; 0         ; 0    ; 0            ; |CommTB|bit_counter_16:iCount                             ; work         ;
;    |rst_synch:iRst|        ; 0 (0)             ; 2 (2)        ; 0           ; 0            ; 0       ; 0         ; 0    ; 0            ; |CommTB|rst_synch:iRst                                    ; work         ;
+----------------------------+-------------------+--------------+-------------+--------------+---------+-----------+------+--------------+-----------------------------------------------------------+--------------+
Note: For table entries with two numbers listed, the numbers in parentheses indicate the number of resources of the given type used by the specific entity alone. The numbers listed outside of parentheses indicate the total resources of the given type used by the specific entity and all of its sub-entities in the hierarchy.


Encoding Type:  One-Hot
+--------------------------------------------------+
; State Machine - |CommTB|UART_wrapper:iUART|state ;
+------------+------------+-----------+------------+
; Name       ; state.HIGH ; state.RDY ; state.LOW  ;
+------------+------------+-----------+------------+
; state.HIGH ; 0          ; 0         ; 0          ;
; state.LOW  ; 1          ; 0         ; 1          ;
; state.RDY  ; 1          ; 1         ; 0          ;
+------------+------------+-----------+------------+


Encoding Type:  One-Hot
+---------------------------------------------------------------------------------+
; State Machine - |CommTB|UART_wrapper:iUART|UART:iDUT_UART|UART_tx:iDUT_tx|state ;
+------------+------------+------------+------------------------------------------+
; Name       ; state.IDLE ; state.TRAN ; state.LOAD                               ;
+------------+------------+------------+------------------------------------------+
; state.IDLE ; 0          ; 0          ; 0                                        ;
; state.LOAD ; 1          ; 0          ; 1                                        ;
; state.TRAN ; 1          ; 1          ; 0                                        ;
+------------+------------+------------+------------------------------------------+


Encoding Type:  One-Hot
+----------------------------------------------------------------------------------+
; State Machine - |CommTB|CommMaster:iCM|state                                     ;
+-----------------+----------------+----------------+-----------------+------------+
; Name            ; state.CMD_SEND ; state.SEND_LOW ; state.SEND_HIGH ; state.IDLE ;
+-----------------+----------------+----------------+-----------------+------------+
; state.IDLE      ; 0              ; 0              ; 0               ; 0          ;
; state.SEND_HIGH ; 0              ; 0              ; 1               ; 1          ;
; state.SEND_LOW  ; 0              ; 1              ; 0               ; 1          ;
; state.CMD_SEND  ; 1              ; 0              ; 0               ; 1          ;
+-----------------+----------------+----------------+-----------------+------------+


Encoding Type:  One-Hot
+--------------------------------------------------------------+
; State Machine - |CommTB|CommMaster:iCM|UART_tx:iDUT_tx|state ;
+------------+------------+------------+-----------------------+
; Name       ; state.IDLE ; state.TRAN ; state.LOAD            ;
+------------+------------+------------+-----------------------+
; state.IDLE ; 0          ; 0          ; 0                     ;
; state.LOAD ; 1          ; 0          ; 1                     ;
; state.TRAN ; 1          ; 1          ; 0                     ;
+------------+------------+------------+-----------------------+


+---------------------------------------------------------------------------------------+
; Registers Removed During Synthesis                                                    ;
+------------------------------------------------------------------+--------------------+
; Register name                                                    ; Reason for Removal ;
+------------------------------------------------------------------+--------------------+
; CommMaster:iCM|state~4                                           ; Lost fanout        ;
; CommMaster:iCM|state~5                                           ; Lost fanout        ;
; UART_wrapper:iUART|UART:iDUT_UART|UART_rx:iDUT_rx|rdy            ; Lost fanout        ;
; UART_wrapper:iUART|UART:iDUT_UART|UART_tx:iDUT_tx|bit_cnt[0..3]  ; Lost fanout        ;
; UART_wrapper:iUART|UART:iDUT_UART|UART_tx:iDUT_tx|baud_cnt[0..6] ; Lost fanout        ;
; UART_wrapper:iUART|state.LOW                                     ; Lost fanout        ;
; UART_wrapper:iUART|state.RDY                                     ; Lost fanout        ;
; UART_wrapper:iUART|state.HIGH                                    ; Lost fanout        ;
; UART_wrapper:iUART|UART:iDUT_UART|UART_tx:iDUT_tx|state.LOAD     ; Lost fanout        ;
; UART_wrapper:iUART|UART:iDUT_UART|UART_tx:iDUT_tx|state.TRAN     ; Lost fanout        ;
; UART_wrapper:iUART|UART:iDUT_UART|UART_tx:iDUT_tx|state.IDLE     ; Lost fanout        ;
; CommMaster:iCM|state.IDLE                                        ; Lost fanout        ;
; CommMaster:iCM|state.CMD_SEND                                    ; Lost fanout        ;
; Total Number of Removed Registers = 22                           ;                    ;
+------------------------------------------------------------------+--------------------+


+----------------------------------------------------------------------------------------------------------------------------------------------------+
; Removed Registers Triggering Further Register Optimizations                                                                                        ;
+--------------------------------------------------------------+--------------------+----------------------------------------------------------------+
; Register name                                                ; Reason for Removal ; Registers Removed due to This Register                         ;
+--------------------------------------------------------------+--------------------+----------------------------------------------------------------+
; UART_wrapper:iUART|UART:iDUT_UART|UART_tx:iDUT_tx|bit_cnt[0] ; Lost Fanouts       ; UART_wrapper:iUART|UART:iDUT_UART|UART_tx:iDUT_tx|baud_cnt[0], ;
;                                                              ;                    ; UART_wrapper:iUART|UART:iDUT_UART|UART_tx:iDUT_tx|baud_cnt[1], ;
;                                                              ;                    ; UART_wrapper:iUART|UART:iDUT_UART|UART_tx:iDUT_tx|baud_cnt[2], ;
;                                                              ;                    ; UART_wrapper:iUART|UART:iDUT_UART|UART_tx:iDUT_tx|baud_cnt[3], ;
;                                                              ;                    ; UART_wrapper:iUART|UART:iDUT_UART|UART_tx:iDUT_tx|baud_cnt[4], ;
;                                                              ;                    ; UART_wrapper:iUART|UART:iDUT_UART|UART_tx:iDUT_tx|baud_cnt[5], ;
;                                                              ;                    ; UART_wrapper:iUART|UART:iDUT_UART|UART_tx:iDUT_tx|baud_cnt[6], ;
;                                                              ;                    ; UART_wrapper:iUART|UART:iDUT_UART|UART_tx:iDUT_tx|state.LOAD   ;
; UART_wrapper:iUART|UART:iDUT_UART|UART_tx:iDUT_tx|bit_cnt[1] ; Lost Fanouts       ; UART_wrapper:iUART|UART:iDUT_UART|UART_tx:iDUT_tx|bit_cnt[2],  ;
;                                                              ;                    ; UART_wrapper:iUART|UART:iDUT_UART|UART_tx:iDUT_tx|bit_cnt[3]   ;
; CommMaster:iCM|state~4                                       ; Lost Fanouts       ; CommMaster:iCM|state.CMD_SEND                                  ;
; UART_wrapper:iUART|UART:iDUT_UART|UART_rx:iDUT_rx|rdy        ; Lost Fanouts       ; UART_wrapper:iUART|state.RDY                                   ;
+--------------------------------------------------------------+--------------------+----------------------------------------------------------------+


+------------------------------------------------------+
; General Register Statistics                          ;
+----------------------------------------------+-------+
; Statistic                                    ; Value ;
+----------------------------------------------+-------+
; Total registers                              ; 79    ;
; Number of registers using Synchronous Clear  ; 0     ;
; Number of registers using Synchronous Load   ; 15    ;
; Number of registers using Asynchronous Clear ; 51    ;
; Number of registers using Asynchronous Load  ; 0     ;
; Number of registers using Clock Enable       ; 49    ;
; Number of registers using Preset             ; 0     ;
+----------------------------------------------+-------+


+-------------------------------------------------------------------------+
; Inverted Register Statistics                                            ;
+---------------------------------------------------------------+---------+
; Inverted Register                                             ; Fan out ;
+---------------------------------------------------------------+---------+
; UART_wrapper:iUART|UART:iDUT_UART|UART_rx:iDUT_rx|baud_cnt[1] ; 2       ;
; UART_wrapper:iUART|UART:iDUT_UART|UART_rx:iDUT_rx|baud_cnt[3] ; 2       ;
; UART_wrapper:iUART|UART:iDUT_UART|UART_rx:iDUT_rx|baud_cnt[6] ; 3       ;
; UART_wrapper:iUART|UART:iDUT_UART|UART_rx:iDUT_rx|rx_ff2      ; 5       ;
; CommMaster:iCM|UART_tx:iDUT_tx|tx_shift_reg[0]                ; 3       ;
; UART_wrapper:iUART|UART:iDUT_UART|UART_rx:iDUT_rx|rx_ff1      ; 1       ;
; Total number of inverted registers = 6                        ;         ;
+---------------------------------------------------------------+---------+


+----------------------------------------------------------------------------------------------------------------------------------------------------------------------------------------+
; Multiplexer Restructuring Statistics (Restructuring Performed)                                                                                                                         ;
+--------------------+-----------+---------------+----------------------+------------------------+------------+--------------------------------------------------------------------------+
; Multiplexer Inputs ; Bus Width ; Baseline Area ; Area if Restructured ; Saving if Restructured ; Registered ; Example Multiplexer Output                                               ;
+--------------------+-----------+---------------+----------------------+------------------------+------------+--------------------------------------------------------------------------+
; 3:1                ; 4 bits    ; 8 LEs         ; 4 LEs                ; 4 LEs                  ; Yes        ; |CommTB|CommMaster:iCM|UART_tx:iDUT_tx|bit_cnt[0]                        ;
; 3:1                ; 4 bits    ; 8 LEs         ; 4 LEs                ; 4 LEs                  ; Yes        ; |CommTB|UART_wrapper:iUART|UART:iDUT_UART|UART_rx:iDUT_rx|bit_counter[0] ;
; 3:1                ; 4 bits    ; 8 LEs         ; 8 LEs                ; 0 LEs                  ; Yes        ; |CommTB|UART_wrapper:iUART|UART:iDUT_UART|UART_rx:iDUT_rx|baud_cnt[5]    ;
; 3:1                ; 7 bits    ; 14 LEs        ; 7 LEs                ; 7 LEs                  ; Yes        ; |CommTB|UART_wrapper:iUART|UART:iDUT_UART|UART_tx:iDUT_tx|baud_cnt[2]    ;
; 3:1                ; 7 bits    ; 14 LEs        ; 7 LEs                ; 7 LEs                  ; Yes        ; |CommTB|CommMaster:iCM|UART_tx:iDUT_tx|baud_cnt[6]                       ;
; 4:1                ; 8 bits    ; 16 LEs        ; 16 LEs               ; 0 LEs                  ; Yes        ; |CommTB|CommMaster:iCM|UART_tx:iDUT_tx|tx_shift_reg[5]                   ;
; 3:1                ; 3 bits    ; 6 LEs         ; 6 LEs                ; 0 LEs                  ; Yes        ; |CommTB|UART_wrapper:iUART|UART:iDUT_UART|UART_rx:iDUT_rx|baud_cnt[6]    ;
; 4:1                ; 2 bits    ; 4 LEs         ; 4 LEs                ; 0 LEs                  ; No         ; |CommTB|CommMaster:iCM|Selector2                                         ;
+--------------------+-----------+---------------+----------------------+------------------------+------------+--------------------------------------------------------------------------+


+------------------------------------------------------------------------------------------------------------------------------------------------------------------------------+
; Port Connectivity Checks: "UART_wrapper:iUART|UART:iDUT_UART"                                                                                                                ;
+---------+-------+----------+-------------------------------------------------------------------------------------------------------------------------------------------------+
; Port    ; Type  ; Severity ; Details                                                                                                                                         ;
+---------+-------+----------+-------------------------------------------------------------------------------------------------------------------------------------------------+
; tx_data ; Input ; Warning  ; Input port expression (1 bits) is smaller than the input port (8 bits) it drives.  Extra input bit(s) "tx_data[7..1]" will be connected to GND. ;
+---------+-------+----------+-------------------------------------------------------------------------------------------------------------------------------------------------+


+-----------------------------------------------------------------------------------------------------------------------+
; Port Connectivity Checks: "UART_wrapper:iUART"                                                                        ;
+-------------+--------+----------+-------------------------------------------------------------------------------------+
; Port        ; Type   ; Severity ; Details                                                                             ;
+-------------+--------+----------+-------------------------------------------------------------------------------------+
; cmd_rdy     ; Output ; Info     ; Connected to dangling logic. Logic that only feeds a dangling port will be removed. ;
; cmd[15..8]  ; Output ; Info     ; Connected to dangling logic. Logic that only feeds a dangling port will be removed. ;
; TX          ; Output ; Info     ; Explicitly unconnected                                                              ;
; resp        ; Input  ; Info     ; Explicitly unconnected                                                              ;
; clr_cmd_rdy ; Input  ; Info     ; Explicitly unconnected                                                              ;
; resp_sent   ; Output ; Info     ; Explicitly unconnected                                                              ;
+-------------+--------+----------+-------------------------------------------------------------------------------------+


+---------------------------------------------------------------------------------------------------------------------+
; Port Connectivity Checks: "CommMaster:iCM"                                                                          ;
+-----------+--------+----------+-------------------------------------------------------------------------------------+
; Port      ; Type   ; Severity ; Details                                                                             ;
+-----------+--------+----------+-------------------------------------------------------------------------------------+
; cmd_cmplt ; Output ; Info     ; Connected to dangling logic. Logic that only feeds a dangling port will be removed. ;
+-----------+--------+----------+-------------------------------------------------------------------------------------+


+-----------------------------------------------------+
; Post-Synthesis Netlist Statistics for Top Partition ;
+-----------------------+-----------------------------+
; Type                  ; Count                       ;
+-----------------------+-----------------------------+
; boundary_port         ; 11                          ;
; cycloneiii_ff         ; 79                          ;
;     CLR               ; 16                          ;
;     CLR SLD           ; 7                           ;
;     ENA               ; 21                          ;
;     ENA CLR           ; 20                          ;
;     ENA CLR SLD       ; 8                           ;
;     plain             ; 7                           ;
; cycloneiii_lcell_comb ; 81                          ;
;     arith             ; 26                          ;
;         2 data inputs ; 24                          ;
;         3 data inputs ; 2                           ;
;     normal            ; 55                          ;
;         0 data inputs ; 1                           ;
;         1 data inputs ; 5                           ;
;         2 data inputs ; 5                           ;
;         3 data inputs ; 15                          ;
;         4 data inputs ; 29                          ;
;                       ;                             ;
; Max LUT depth         ; 4.00                        ;
; Average LUT depth     ; 2.00                        ;
+-----------------------+-----------------------------+


+-------------------------------+
; Elapsed Time Per Partition    ;
+----------------+--------------+
; Partition Name ; Elapsed Time ;
+----------------+--------------+
; Top            ; 00:00:03     ;
+----------------+--------------+


+-------------------------------+
; Analysis & Synthesis Messages ;
+-------------------------------+
Info: *******************************************************************
Info: Running Quartus II 64-Bit Analysis & Synthesis
    Info: Version 14.1.0 Build 186 12/03/2014 SJ Web Edition
    Info: Processing started: Tue Apr 05 10:48:21 2016
Info: Command: quartus_map --read_settings_files=on --write_settings_files=off CommTB -c CommTB
Info (20030): Parallel compilation is enabled and will use 4 of the 4 processors detected
Info (12021): Found 1 design units, including 1 entities, in source file uart_wrapper.sv
    Info (12023): Found entity 1: UART_wrapper
Info (12021): Found 1 design units, including 1 entities, in source file uart_tx.sv
    Info (12023): Found entity 1: UART_tx
Info (12021): Found 1 design units, including 1 entities, in source file uart_rx.sv
    Info (12023): Found entity 1: UART_rx
Info (12021): Found 1 design units, including 1 entities, in source file uart.sv
    Info (12023): Found entity 1: UART
Info (12021): Found 1 design units, including 1 entities, in source file rst_synch.sv
    Info (12023): Found entity 1: rst_synch
Info (12021): Found 1 design units, including 1 entities, in source file pos_detect.sv
    Info (12023): Found entity 1: PE_detect
Info (12021): Found 1 design units, including 1 entities, in source file commtb.sv
    Info (12023): Found entity 1: CommTB
Info (12021): Found 1 design units, including 1 entities, in source file commmaster.sv
    Info (12023): Found entity 1: CommMaster
Info (12021): Found 1 design units, including 1 entities, in source file bit_counter_16.sv
    Info (12023): Found entity 1: bit_counter_16
Info (12127): Elaborating entity "CommTB" for the top level hierarchy
Info (12128): Elaborating entity "CommMaster" for hierarchy "CommMaster:iCM"
Info (12128): Elaborating entity "UART_tx" for hierarchy "CommMaster:iCM|UART_tx:iDUT_tx"
Warning (10230): Verilog HDL assignment warning at UART_tx.sv(23): truncated value with size 32 to match size of target (4)
Warning (10230): Verilog HDL assignment warning at UART_tx.sv(33): truncated value with size 32 to match size of target (7)
Warning (10230): Verilog HDL assignment warning at UART_tx.sv(38): truncated value with size 32 to match size of target (1)
Info (12128): Elaborating entity "UART_wrapper" for hierarchy "UART_wrapper:iUART"
Info (12128): Elaborating entity "UART" for hierarchy "UART_wrapper:iUART|UART:iDUT_UART"
Info (12128): Elaborating entity "UART_rx" for hierarchy "UART_wrapper:iUART|UART:iDUT_UART|UART_rx:iDUT_rx"
Warning (10230): Verilog HDL assignment warning at UART_rx.sv(26): truncated value with size 32 to match size of target (4)
Warning (10230): Verilog HDL assignment warning at UART_rx.sv(40): truncated value with size 32 to match size of target (7)
Info (12128): Elaborating entity "PE_detect" for hierarchy "PE_detect:iPE"
Info (12128): Elaborating entity "bit_counter_16" for hierarchy "bit_counter_16:iCount"
Warning (10230): Verilog HDL assignment warning at bit_counter_16.sv(10): truncated value with size 32 to match size of target (16)
Info (12128): Elaborating entity "rst_synch" for hierarchy "rst_synch:iRst"
Warning (12241): 1 hierarchies have connectivity warnings - see the Connectivity Checks report folder
Info (13000): Registers with preset signals will power-up high
Info (13003): DEV_CLRn pin will set, and not reset, register with preset signal due to NOT Gate Push-Back
Info (286030): Timing-Driven Synthesis is running
Info (17049): 22 registers lost all their fanouts during netlist optimizations.
Info (144001): Generated suppressed messages file I:/551/EXE12/CommTB.map.smsg
Info (16010): Generating hard_block partition "hard_block:auto_generated_inst"
    Info (16011): Adding 0 node(s), including 0 DDIO, 0 PLL, 0 transceiver and 0 LCELL
Info (21057): Implemented 117 device resources after synthesis - the final resource count might be different
    Info (21058): Implemented 3 input pins
    Info (21059): Implemented 8 output pins
    Info (21061): Implemented 106 logic cells
Info: Quartus II 64-Bit Analysis & Synthesis was successful. 0 errors, 7 warnings
    Info: Peak virtual memory: 790 megabytes
    Info: Processing ended: Tue Apr 05 10:49:56 2016
    Info: Elapsed time: 00:01:35
    Info: Total CPU time (on all processors): 00:00:41


+------------------------------------------+
; Analysis & Synthesis Suppressed Messages ;
+------------------------------------------+
The suppressed messages can be found in I:/551/EXE12/CommTB.map.smsg.


